Traceback (most recent call last):
  File "C:\Users\plank\anaconda3\envs\geo\Lib\site-packages\jupyter_cache\executors\utils.py", line 58, in single_nb_execution
    executenb(
  File "C:\Users\plank\anaconda3\envs\geo\Lib\site-packages\nbclient\client.py", line 1305, in execute
    return NotebookClient(nb=nb, resources=resources, km=km, **kwargs).execute()
           ^^^^^^^^^^^^^^^^^^^^^^^^^^^^^^^^^^^^^^^^^^^^^^^^^^^^^^^^^^^^^^^^^^^^^
  File "C:\Users\plank\anaconda3\envs\geo\Lib\site-packages\jupyter_core\utils\__init__.py", line 166, in wrapped
    return loop.run_until_complete(inner)
           ^^^^^^^^^^^^^^^^^^^^^^^^^^^^^^
  File "C:\Users\plank\anaconda3\envs\geo\Lib\asyncio\base_events.py", line 653, in run_until_complete
    return future.result()
           ^^^^^^^^^^^^^^^
  File "C:\Users\plank\anaconda3\envs\geo\Lib\site-packages\nbclient\client.py", line 705, in async_execute
    await self.async_execute_cell(
  File "C:\Users\plank\anaconda3\envs\geo\Lib\site-packages\nbclient\client.py", line 1058, in async_execute_cell
    await self._check_raise_for_error(cell, cell_index, exec_reply)
  File "C:\Users\plank\anaconda3\envs\geo\Lib\site-packages\nbclient\client.py", line 914, in _check_raise_for_error
    raise CellExecutionError.from_cell_and_msg(cell, exec_reply_content)
nbclient.exceptions.CellExecutionError: An error occurred while executing the following cell:
------------------
# sorting just to show the smaller once on top.
subgraphs = [H5, H3, H1]
colors = ['green', 'blue', 'red']

fg_H5 = folium.FeatureGroup(name='Optimal')
# fg_H2 = folium.FeatureGroup(name='Medium')
# fg_H4 = folium.FeatureGroup(name='Large')
fg_H3 = folium.FeatureGroup(name='Medium')
fg_H1 = folium.FeatureGroup(name='Small')

fgs = [fg_H5, fg_H2, fg_H4, fg_H3, fg_H1]

m = folium.Map(location=[50.915066, 13.346332], zoom_start=15)
m = ox.graph_to_gdfs(G_84, nodes=False).explore(m=m)


for i, (subgraph, fg) in enumerate(zip(subgraphs, fgs)):
    # Generate 15-min isochrone
    iso_polys = make_iso_polys_time(
        subgraph, edge_buff=25, node_buff=0, infill=True, time_window=15)

    # Convert coordinates if needed
    converted_iso_polys = [convert_coordinates(
        polygon) for polygon in iso_polys]

    # Add to Folium map
    for poly in converted_iso_polys:
        folium.GeoJson(
            data=mapping(poly),
            style_function=lambda x, color=colors[i]: {
                'color': color,
                'weight': 5,
                'fill': False,
                # 'fillColor': color,
                # 'fillOpacity': 0.1
            }
        ).add_to(fg)
    fg.add_to(m)

folium.LayerControl().add_to(m)

folium.Circle(
    location=[50.915066, 13.346332],
    radius=900,  # radius in meters
    color='green',
    fill=False,
    # fill_color='blue',
    # fill_opacity=0.05
).add_to(m)

folium.Circle(
    location=[50.915066, 13.346332],
    radius=2600,  # radius in meters
    color='red',
    fill=False,
    # fill_color='blue',
    # fill_opacity=0.05
).add_to(m)

# Show the map
# m.save("dominos_map_full.html")
------------------


[1;31m---------------------------------------------------------------------------[0m
[1;31mNameError[0m                                 Traceback (most recent call last)
Cell [1;32mIn[12], line 11[0m
[0;32m      8[0m fg_H3 [38;5;241m=[39m folium[38;5;241m.[39mFeatureGroup(name[38;5;241m=[39m[38;5;124m'[39m[38;5;124mMedium[39m[38;5;124m'[39m)
[0;32m      9[0m fg_H1 [38;5;241m=[39m folium[38;5;241m.[39mFeatureGroup(name[38;5;241m=[39m[38;5;124m'[39m[38;5;124mSmall[39m[38;5;124m'[39m)
[1;32m---> 11[0m fgs [38;5;241m=[39m [fg_H5, [43mfg_H2[49m, fg_H4, fg_H3, fg_H1]
[0;32m     13[0m m [38;5;241m=[39m folium[38;5;241m.[39mMap(location[38;5;241m=[39m[[38;5;241m50.915066[39m, [38;5;241m13.346332[39m], zoom_start[38;5;241m=[39m[38;5;241m15[39m)
[0;32m     14[0m m [38;5;241m=[39m ox[38;5;241m.[39mgraph_to_gdfs(G_84, nodes[38;5;241m=[39m[38;5;28;01mFalse[39;00m)[38;5;241m.[39mexplore(m[38;5;241m=[39mm)

[1;31mNameError[0m: name 'fg_H2' is not defined

