Traceback (most recent call last):
  File "C:\Users\plank\anaconda3\envs\geo\Lib\site-packages\jupyter_cache\executors\utils.py", line 58, in single_nb_execution
    executenb(
  File "C:\Users\plank\anaconda3\envs\geo\Lib\site-packages\nbclient\client.py", line 1305, in execute
    return NotebookClient(nb=nb, resources=resources, km=km, **kwargs).execute()
           ^^^^^^^^^^^^^^^^^^^^^^^^^^^^^^^^^^^^^^^^^^^^^^^^^^^^^^^^^^^^^^^^^^^^^
  File "C:\Users\plank\anaconda3\envs\geo\Lib\site-packages\jupyter_core\utils\__init__.py", line 166, in wrapped
    return loop.run_until_complete(inner)
           ^^^^^^^^^^^^^^^^^^^^^^^^^^^^^^
  File "C:\Users\plank\anaconda3\envs\geo\Lib\asyncio\base_events.py", line 653, in run_until_complete
    return future.result()
           ^^^^^^^^^^^^^^^
  File "C:\Users\plank\anaconda3\envs\geo\Lib\site-packages\nbclient\client.py", line 705, in async_execute
    await self.async_execute_cell(
  File "C:\Users\plank\anaconda3\envs\geo\Lib\site-packages\nbclient\client.py", line 1058, in async_execute_cell
    await self._check_raise_for_error(cell, cell_index, exec_reply)
  File "C:\Users\plank\anaconda3\envs\geo\Lib\site-packages\nbclient\client.py", line 914, in _check_raise_for_error
    raise CellExecutionError.from_cell_and_msg(cell, exec_reply_content)
nbclient.exceptions.CellExecutionError: An error occurred while executing the following cell:
------------------
import argparse
from configobj import ConfigObj
import configreader as cfr
import osmnx as ox
import osmhelper as oh
from pathlib import Path
import json
import networkx as nx
import extract as ep
import igraph as ig
from timeit import default_timer as timer
from multiprocessing import Pool, cpu_count
import tqdm
import psutil
import pandas as pd
import sys
import gc
import osmqRuntime as osmqq
import osmquality as oq
import foliumhelper as fh
import folium
------------------


[1;31m---------------------------------------------------------------------------[0m
[1;31mModuleNotFoundError[0m                       Traceback (most recent call last)
Cell [1;32mIn[1], line 3[0m
[0;32m      1[0m [38;5;28;01mimport[39;00m [38;5;21;01margparse[39;00m
[0;32m      2[0m [38;5;28;01mfrom[39;00m [38;5;21;01mconfigobj[39;00m [38;5;28;01mimport[39;00m ConfigObj
[1;32m----> 3[0m [38;5;28;01mimport[39;00m [38;5;21;01mconfigreader[39;00m [38;5;28;01mas[39;00m [38;5;21;01mcfr[39;00m
[0;32m      4[0m [38;5;28;01mimport[39;00m [38;5;21;01mosmnx[39;00m [38;5;28;01mas[39;00m [38;5;21;01mox[39;00m
[0;32m      5[0m [38;5;28;01mimport[39;00m [38;5;21;01mosmhelper[39;00m [38;5;28;01mas[39;00m [38;5;21;01moh[39;00m

[1;31mModuleNotFoundError[0m: No module named 'configreader'

